Exported on 9/30/2025

bat equipped
boot equipped
club equipped
bat equipped
boot equipped
bat equipped
boot equipped
feat equipped
fist equipped
hammer equipped
25, 25 on marble. Facing right.
You've taken 0 steps.
You've taken 0 steps.
You've taken 0 steps.
You've taken 0 steps.
You've taken 0 steps.
You've taken 0 steps.
You've taken 0 steps.
You've taken 0 steps.
You've taken 0 steps.
You've taken 0 steps.
You've taken 0 steps.
You've taken 0 steps.
You've taken 0 steps.
You've taken 0 steps.
bat equipped
boot equipped
club equipped
boot equipped
club equipped
boot equipped
club equipped
bat equipped
club equipped
feat equipped
fist equipped
hammer equipped
